<?xml version="1.0" encoding="UTF-8"?>
<!-- Generated by org.testng.reporters.JUnitReportReporter -->
<testsuite hostname="BA-000175025" failures="0" tests="2" name="com.orangehrm.tests.EmployeeTest" time="34.004" errors="0" timestamp="2023-06-05T18:03:51 IST" skipped="0">
  <testcase classname="com.orangehrm.tests.EmployeeTest" name="addEmployee" time="23.432"/>
  <system-out>
    <![CDATA[Click on PIM menu
PIM menu clicked successfully...!!!
Click on Add button
Add button clicked successfully...!!!
Enter an Employee First, Middle and Last Name
Employee First, Middle and Last Name entered successfully...!!!
Employee ID does not exists, We can use system generated...!!!
Upload Employee picture
Employee picture uploaded successfully...!!!
Click on Save button
Save button clicked successfully...!!!]]>
  </system-out>
  <testcase classname="com.orangehrm.tests.EmployeeTest" name="searchEmployeeAndVerify" time="10.572"/>
  <system-out>
    <![CDATA[Click an Employee List link menu
Employee List link menu clicked successfully...!!!
Enter an Employee Name
Employee Name entered successfully...!!!
Click on Search button
Search button clicked successfully...!!!
Verify the Searched Record
Searched Record is Found...!!!
Capture auto generated Employee ID
Employee ID captured successfully...!!!
Verify Employee First and Middle Name
Employee First and Middle Name verified successfully...!!!
Verify Employee Last Name
Employee Last Name verified successfully...!!!]]>
  </system-out>
</testsuite> <!-- com.orangehrm.tests.EmployeeTest -->
